Arguments: 
  /Users/eunwooson/.nvm/versions/node/v11.11.0/bin/node /Users/eunwooson/.nvm/versions/node/v11.11.0/bin/yarn

PATH: 
  /Users/eunwooson/.nvm/versions/node/v11.11.0/bin:/usr/local/opt/opencv@2/bin:/usr/local/opt/opencv@2/bin:/Users/eunwooson/.cargo/bin:/Users/eunwooson/go/bin:/usr/local/Cellar/node/10.0.0/bin:/usr/local/bin:/usr/bin:/bin:/usr/sbin:/sbin:/Library/TeX/texbin:/usr/local/go/bin:/opt/X11/bin:/Library/Frameworks/Mono.framework/Versions/Current/Commands://anaconda2/bin://anaconda2/condabin:/usr/local/opt/opencv@2/bin:/Users/eunwooson/.cargo/bin:/Users/eunwooson/google-cloud-sdk/bin:/Users/eunwooson/go/bin:/usr/local/Cellar/node/10.0.0/bin:/Users/eunwooson/development/flutter/bin:/Users/eunwooson/development/flutter/.pub-cache/bin:/Users/eunwooson/development/flutter/bin:/Users/eunwooson/development/flutter/.pub-cache/bin

Yarn version: 
  1.17.3

Node version: 
  11.11.0

Platform: 
  darwin x64

Trace: 
  SyntaxError: /Users/eunwooson/Desktop/docs/package.json: Unexpected token } in JSON at position 522
      at JSON.parse (<anonymous>)
      at /Users/eunwooson/.nvm/versions/node/v11.11.0/lib/node_modules/yarn/lib/cli.js:1625:59
      at Generator.next (<anonymous>)
      at step (/Users/eunwooson/.nvm/versions/node/v11.11.0/lib/node_modules/yarn/lib/cli.js:304:30)
      at /Users/eunwooson/.nvm/versions/node/v11.11.0/lib/node_modules/yarn/lib/cli.js:315:13

npm manifest: 
  {
    "name": "docs",
    "version": "1.0.0",
    "description": "",
    "main": "index.js",
    "scripts": {
      "test": "echo \"Error: no test specified\" && exit 1",
      "dev": "vuepress dev docs",
      "build": "vuepress build docs"
    },
    "devDependencies": {
      "@vuepress/plugin-blog": "^1.5.1",
      "@vuepress/plugin-google-analytics": "^1.2.0",
      "pug": "^2.0.4",
      "pug-plain-loader": "^1.0.0",
      "vuepress": "^1.2.0"
    },
    "dependencies": {
      "axios": "^0.19.0",
      "d3": "^5.12.0",
      "firebase": "^7.2.1",
    }
  }

yarn manifest: 
  No manifest

Lockfile: 
  No lockfile
